 * Serving Flask app 'backend.app'
 * Debug mode: off
Traceback (most recent call last):
  File "/home/mathewrean/Desktop/PROJECTS/my_portfolio/my_portfolio-1/run_server.py", line 6, in <module>
    app.run(host="127.0.0.1", port=4173, debug=False)
    ~~~~~~~^^^^^^^^^^^^^^^^^^^^^^^^^^^^^^^^^^^^^^^^^^
  File "/usr/lib/python3/dist-packages/flask/app.py", line 662, in run
    run_simple(t.cast(str, host), port, self, **options)
    ~~~~~~~~~~^^^^^^^^^^^^^^^^^^^^^^^^^^^^^^^^^^^^^^^^^^
  File "/usr/lib/python3/dist-packages/werkzeug/serving.py", line 1093, in run_simple
    srv = make_server(
        hostname,
    ...<7 lines>...
        fd=fd,
    )
  File "/usr/lib/python3/dist-packages/werkzeug/serving.py", line 930, in make_server
    return ThreadedWSGIServer(
        host, port, app, request_handler, passthrough_errors, ssl_context, fd=fd
    )
  File "/usr/lib/python3/dist-packages/werkzeug/serving.py", line 750, in __init__
    super().__init__(
    ~~~~~~~~~~~~~~~~^
        server_address,  # type: ignore[arg-type]
        ^^^^^^^^^^^^^^^^^^^^^^^^^^^^^^^^^^^^^^^^^
        handler,
        ^^^^^^^^
        bind_and_activate=False,
        ^^^^^^^^^^^^^^^^^^^^^^^^
    )
    ^
  File "/usr/lib/python3.13/socketserver.py", line 453, in __init__
    self.socket = socket.socket(self.address_family,
                  ~~~~~~~~~~~~~^^^^^^^^^^^^^^^^^^^^^
                                self.socket_type)
                                ^^^^^^^^^^^^^^^^^
  File "/usr/lib/python3.13/socket.py", line 233, in __init__
    _socket.socket.__init__(self, family, type, proto, fileno)
    ~~~~~~~~~~~~~~~~~~~~~~~^^^^^^^^^^^^^^^^^^^^^^^^^^^^^^^^^^^
PermissionError: [Errno 1] Operation not permitted
